<?xml version="1.0" encoding="UTF-8"?>
<!-- Generated by org.testng.reporters.JUnitReportReporter -->
<testsuite hostname="DESKTOP-Q7H1RR7" failures="0" tests="4" name="com.herokuapp.theinternet.NegativeTests" time="28.951" errors="0" timestamp="2024-05-05T13:06:59 CST" skipped="0">
  <testcase classname="com.herokuapp.theinternet.NegativeTests" name="negativeTest" time="6.336"/>
  <testcase classname="com.herokuapp.theinternet.NegativeTests" name="negativeTest" time="7.768"/>
  <testcase classname="com.herokuapp.theinternet.NegativeTests" name="negativeTest" time="9.351"/>
  <testcase classname="com.herokuapp.theinternet.NegativeTests" name="negativeTest" time="5.496"/>
</testsuite> <!-- com.herokuapp.theinternet.NegativeTests -->
