<?xml version="1.0" encoding="UTF-8"?>
<!-- Generated by org.testng.reporters.JUnitReportReporter -->
<testsuite hostname="DESKTOP-Q7H1RR7" failures="0" tests="1" name="com.herokuapp.theinternet.checkboxespagetests.CheckBoxesTest" time="7.390" errors="0" timestamp="2024-05-06T17:13:07 CST" skipped="0">
  <testcase classname="com.herokuapp.theinternet.checkboxespagetests.CheckBoxesTest" name="selectingAllCheckBoxes" time="7.390"/>
</testsuite> <!-- com.herokuapp.theinternet.checkboxespagetests.CheckBoxesTest -->
