<?xml version="1.0" encoding="UTF-8"?>
<!-- Generated by org.testng.reporters.JUnitReportReporter -->
<testsuite hostname="DESKTOP-Q7H1RR7" failures="0" tests="1" name="com.herokuapp.theinternet.dropdownpagetest.DropDownPageTests" time="11.457" errors="0" timestamp="2024-05-09T19:26:13 CST" skipped="0">
  <testcase classname="com.herokuapp.theinternet.dropdownpagetest.DropDownPageTests" name="selectDropdownOption" time="11.457"/>
</testsuite> <!-- com.herokuapp.theinternet.dropdownpagetest.DropDownPageTests -->
