<?xml version="1.0" encoding="UTF-8"?>
<!-- Generated by org.testng.reporters.JUnitReportReporter -->
<testsuite hostname="DESKTOP-Q7H1RR7" failures="0" tests="1" name="com.herokuapp.theinternet.checkboxespagetests.CheckBoxesTests" time="6.178" errors="0" timestamp="2024-05-06T22:00:44 CST" skipped="0">
  <testcase classname="com.herokuapp.theinternet.checkboxespagetests.CheckBoxesTests" name="selectingAllCheckBoxes" time="6.178"/>
</testsuite> <!-- com.herokuapp.theinternet.checkboxespagetests.CheckBoxesTests -->
