<?xml version="1.0" encoding="UTF-8"?>
<!-- Generated by org.testng.reporters.JUnitReportReporter -->
<testsuite hostname="DESKTOP-Q7H1RR7" failures="0" tests="3" name="com.herokuapp.theinternet.alertstests.AlertsTests" time="13.762" errors="0" timestamp="2024-05-14T15:16:26 CST" skipped="0">
  <testcase classname="com.herokuapp.theinternet.alertstests.AlertsTests" name="jsAlertTest" time="5.434"/>
  <testcase classname="com.herokuapp.theinternet.alertstests.AlertsTests" name="jsPromptTest" time="4.068"/>
  <testcase classname="com.herokuapp.theinternet.alertstests.AlertsTests" name="jsDismissTest" time="4.260"/>
</testsuite> <!-- com.herokuapp.theinternet.alertstests.AlertsTests -->
